2022-12-15 17:19:45.296  INFO 10996 --- [main] b.c.z.e.p.PersonmanagerApplication       : Starting PersonmanagerApplication using Java 17.0.5 on KatiaTech with PID 10996 (C:\Users\katia\Documents\ZupEdu-Handora\logs\gerenciador-de-pessoas\target\classes started by katia in C:\Users\katia\Documents\ZupEdu-Handora\logs\gerenciador-de-pessoas)
2022-12-15 17:19:45.299  INFO 10996 --- [main] b.c.z.e.p.PersonmanagerApplication       : No active profile set, falling back to 1 default profile: "default"
2022-12-15 17:19:46.035  INFO 10996 --- [main] .s.d.r.c.RepositoryConfigurationDelegate : Bootstrapping Spring Data JPA repositories in DEFAULT mode.
2022-12-15 17:19:46.088  INFO 10996 --- [main] .s.d.r.c.RepositoryConfigurationDelegate : Finished Spring Data repository scanning in 41 ms. Found 1 JPA repository interfaces.
2022-12-15 17:19:46.725  INFO 10996 --- [main] o.s.b.w.embedded.tomcat.TomcatWebServer  : Tomcat initialized with port(s): 8080 (http)
2022-12-15 17:19:46.736  INFO 10996 --- [main] o.apache.catalina.core.StandardService   : Starting service [Tomcat]
2022-12-15 17:19:46.736  INFO 10996 --- [main] org.apache.catalina.core.StandardEngine  : Starting Servlet engine: [Apache Tomcat/9.0.58]
2022-12-15 17:19:46.920  INFO 10996 --- [main] o.a.c.c.C.[Tomcat].[localhost].[/]       : Initializing Spring embedded WebApplicationContext
2022-12-15 17:19:46.920  INFO 10996 --- [main] w.s.c.ServletWebServerApplicationContext : Root WebApplicationContext: initialization completed in 1581 ms
2022-12-15 17:19:47.044  INFO 10996 --- [main] com.zaxxer.hikari.HikariDataSource       : HikariPool-1 - Starting...
2022-12-15 17:19:47.242  INFO 10996 --- [main] com.zaxxer.hikari.HikariDataSource       : HikariPool-1 - Start completed.
2022-12-15 17:19:47.322  INFO 10996 --- [main] o.hibernate.jpa.internal.util.LogHelper  : HHH000204: Processing PersistenceUnitInfo [name: default]
2022-12-15 17:19:47.398  INFO 10996 --- [main] org.hibernate.Version                    : HHH000412: Hibernate ORM core version 5.6.5.Final
2022-12-15 17:19:47.629  INFO 10996 --- [main] o.hibernate.annotations.common.Version   : HCANN000001: Hibernate Commons Annotations {5.1.2.Final}
2022-12-15 17:19:47.752  INFO 10996 --- [main] org.hibernate.dialect.Dialect            : HHH000400: Using dialect: org.hibernate.dialect.H2Dialect
2022-12-15 17:19:48.350  INFO 10996 --- [main] o.h.e.t.j.p.i.JtaPlatformInitiator       : HHH000490: Using JtaPlatform implementation: [org.hibernate.engine.transaction.jta.platform.internal.NoJtaPlatform]
2022-12-15 17:19:48.357  INFO 10996 --- [main] j.LocalContainerEntityManagerFactoryBean : Initialized JPA EntityManagerFactory for persistence unit 'default'
2022-12-15 17:19:48.750  WARN 10996 --- [main] JpaBaseConfiguration$JpaWebConfiguration : spring.jpa.open-in-view is enabled by default. Therefore, database queries may be performed during view rendering. Explicitly configure spring.jpa.open-in-view to disable this warning
2022-12-15 17:19:49.097  INFO 10996 --- [main] o.s.b.w.embedded.tomcat.TomcatWebServer  : Tomcat started on port(s): 8080 (http) with context path ''
2022-12-15 17:19:49.106  INFO 10996 --- [main] b.c.z.e.p.PersonmanagerApplication       : Started PersonmanagerApplication in 4.324 seconds (JVM running for 4.82)
2022-12-15 17:32:58.634  INFO 10996 --- [SpringApplicationShutdownHook] j.LocalContainerEntityManagerFactoryBean : Closing JPA EntityManagerFactory for persistence unit 'default'
2022-12-15 17:32:58.635  INFO 10996 --- [SpringApplicationShutdownHook] .SchemaDropperImpl$DelayedDropActionImpl : HHH000477: Starting delayed evictData of schema as part of SessionFactory shut-down'
2022-12-15 17:32:58.643  INFO 10996 --- [SpringApplicationShutdownHook] com.zaxxer.hikari.HikariDataSource       : HikariPool-1 - Shutdown initiated...
2022-12-15 17:32:58.646  INFO 10996 --- [SpringApplicationShutdownHook] com.zaxxer.hikari.HikariDataSource       : HikariPool-1 - Shutdown completed.
